<?xml version="1.0" encoding="UTF-8"?>
<testsuite xmlns:xsi="http://www.w3.org/2001/XMLSchema-instance" xsi:noNamespaceSchemaLocation="https://maven.apache.org/surefire/maven-surefire-plugin/xsd/surefire-test-report.xsd" name="modules.RunCucumberTest" time="43.141" tests="8" errors="0" skipped="0" failures="0">
  <properties>
[...]
</properties>
  <testcase name="Authenticate with correct credentials {correct login and correct password}" classname="modules.RunCucumberTest" time="5.719"/>
  <testcase name="Authenticate with correct credentials {correct login and correct password}" classname="modules.RunCucumberTest" time="6.945"/>
  <testcase name="Authenticate with &quot;wrong-username&quot;" classname="modules.RunCucumberTest" time="2.958"/>
  <testcase name="Authenticate with &quot;wrong-username&quot;" classname="modules.RunCucumberTest" time="6.44"/>
  <testcase name="Authenticate with &quot;wrong-password&quot;" classname="modules.RunCucumberTest" time="2.875"/>
  <testcase name="Authenticate with &quot;wrong-password&quot;" classname="modules.RunCucumberTest" time="8.393"/>
  <testcase name="Authenticate with &quot;empty-usernameAndPassword&quot;" classname="modules.RunCucumberTest" time="2.707"/>
  <testcase name="Authenticate with &quot;empty-usernameAndPassword&quot;" classname="modules.RunCucumberTest" time="6.835"/>
</testsuite>